# JRE version: Java(TM) SE Runtime Environment 18.9 (11.0.7+8) (build 11.0.7+8-LTS)
# Java VM: Java HotSpot(TM) 64-Bit Server VM 18.9 (11.0.7+8-LTS, mixed mode, tiered, compressed oops, g1 gc, bsd-amd64)
Heap:
 garbage-first heap   total 378880K, used 210627K [0x0000000700000000, 0x0000000800000000)
  region size 1024K, 182 young (186368K), 14 survivors (14336K)
 Metaspace       used 79234K, capacity 80896K, committed 81232K, reserved 1120256K
  class space    used 9494K, capacity 10152K, committed 10240K, reserved 1048576K
GC Heap History (10 events):
Event: 4.125 GC heap before
{Heap before GC invocations=9 (full 0):
 garbage-first heap   total 315392K, used 76799K [0x0000000700000000, 0x0000000800000000)
  region size 1024K, 68 young (69632K), 13 survivors (13312K)
 Metaspace       used 58683K, capacity 59831K, committed 60240K, reserved 1101824K
  class space    used 7165K, capacity 7612K, committed 7680K, reserved 1048576K
}
Event: 4.137 GC heap after
{Heap after GC invocations=10 (full 0):
 garbage-first heap   total 315392K, used 23924K [0x0000000700000000, 0x0000000800000000)
  region size 1024K, 14 young (14336K), 14 survivors (14336K)
 Metaspace       used 58683K, capacity 59831K, committed 60240K, reserved 1101824K
  class space    used 7165K, capacity 7612K, committed 7680K, reserved 1048576K
}
Event: 30.377 GC heap before
{Heap before GC invocations=11 (full 0):
 garbage-first heap   total 315392K, used 173428K [0x0000000700000000, 0x0000000800000000)
  region size 1024K, 160 young (163840K), 14 survivors (14336K)
 Metaspace       used 68225K, capacity 69672K, committed 69968K, reserved 1110016K
  class space    used 8292K, capacity 8874K, committed 8960K, reserved 1048576K
}
Event: 30.386 GC heap after
{Heap after GC invocations=12 (full 0):
 garbage-first heap   total 378880K, used 27716K [0x0000000700000000, 0x0000000800000000)
  region size 1024K, 15 young (15360K), 15 survivors (15360K)
 Metaspace       used 68225K, capacity 69672K, committed 69968K, reserved 1110016K
  class space    used 8292K, capacity 8874K, committed 8960K, reserved 1048576K
}
Event: 35.786 GC heap before
{Heap before GC invocations=12 (full 0):
 garbage-first heap   total 378880K, used 230468K [0x0000000700000000, 0x0000000800000000)
  region size 1024K, 212 young (217088K), 15 survivors (15360K)
 Metaspace       used 76500K, capacity 78039K, committed 78416K, reserved 1118208K
  class space    used 9295K, capacity 9923K, committed 9984K, reserved 1048576K
}
Event: 35.795 GC heap after
{Heap after GC invocations=13 (full 0):
 garbage-first heap   total 378880K, used 30636K [0x0000000700000000, 0x0000000800000000)
  region size 1024K, 16 young (16384K), 16 survivors (16384K)
 Metaspace       used 76500K, capacity 78039K, committed 78416K, reserved 1118208K
  class space    used 9295K, capacity 9923K, committed 9984K, reserved 1048576K
}
Event: 127.305 GC heap before
{Heap before GC invocations=13 (full 0):
 garbage-first heap   total 378880K, used 241580K [0x0000000700000000, 0x0000000800000000)
  region size 1024K, 222 young (227328K), 16 survivors (16384K)
 Metaspace       used 76592K, capacity 78168K, committed 78416K, reserved 1118208K
  class space    used 9297K, capacity 9923K, committed 9984K, reserved 1048576K
}
Event: 127.316 GC heap after
{Heap after GC invocations=14 (full 0):
 garbage-first heap   total 378880K, used 36347K [0x0000000700000000, 0x0000000800000000)
  region size 1024K, 19 young (19456K), 19 survivors (19456K)
 Metaspace       used 76592K, capacity 78168K, committed 78416K, reserved 1118208K
  class space    used 9297K, capacity 9923K, committed 9984K, reserved 1048576K
}
Event: 431.610 GC heap before
{Heap before GC invocations=14 (full 0):
 garbage-first heap   total 378880K, used 247291K [0x0000000700000000, 0x0000000800000000)
  region size 1024K, 222 young (227328K), 19 survivors (19456K)
 Metaspace       used 78848K, capacity 80530K, committed 80976K, reserved 1120256K
  class space    used 9479K, capacity 10141K, committed 10240K, reserved 1048576K
}
Event: 431.630 GC heap after
{Heap after GC invocations=15 (full 0):
 garbage-first heap   total 378880K, used 36547K [0x0000000700000000, 0x0000000800000000)
  region size 1024K, 14 young (14336K), 14 survivors (14336K)
 Metaspace       used 78848K, capacity 80530K, committed 80976K, reserved 1120256K
  class space    used 9479K, capacity 10141K, committed 10240K, reserved 1048576K
}

